{
  "RSpec": {
    "coverage": {
      "/home/leo/my_portfolio_site/app/helpers/application_helper.rb": [
        1,
        1,
        0,
        null,
        null
      ],
      "/home/leo/my_portfolio_site/app/controllers/abouts_controller.rb": [
        null,
        null,
        1,
        1,
        1,
        null,
        1,
        1,
        null,
        null,
        1,
        1,
        1,
        1,
        null,
        null,
        1,
        null,
        1,
        1,
        null,
        null
      ],
      "/home/leo/my_portfolio_site/app/controllers/home_controller.rb": [
        null,
        null,
        1,
        1,
        23,
        null,
        23,
        null,
        23,
        null,
        23,
        null,
        null
      ],
      "/home/leo/my_portfolio_site/app/controllers/application_controller.rb": [
        null,
        null,
        1,
        1,
        null,
        1,
        26,
        1,
        null,
        null,
        null,
        1,
        196,
        null,
        null,
        1,
        null,
        1,
        13,
        1,
        null,
        null,
        null,
        1,
        91,
        null,
        null,
        1,
        null
      ],
      "/home/leo/my_portfolio_site/app/controllers/job_descriptions_controller.rb": [
        1,
        null,
        null
      ],
      "/home/leo/my_portfolio_site/app/controllers/experiences_controller.rb": [
        null,
        null,
        1,
        1,
        1,
        null,
        1,
        1,
        null,
        null,
        1,
        1,
        1,
        1,
        null,
        null,
        1,
        1,
        null,
        null,
        1,
        1,
        1,
        1,
        null,
        null,
        1,
        1,
        1,
        1,
        null,
        null,
        1,
        null,
        1,
        2,
        null,
        null,
        null,
        null,
        null
      ],
      "/home/leo/my_portfolio_site/app/models/user.rb": [
        1,
        1,
        null,
        1,
        10,
        10,
        null,
        null
      ],
      "/home/leo/my_portfolio_site/app/models/application_record.rb": [
        1,
        1,
        null
      ],
      "/home/leo/my_portfolio_site/app/controllers/sessions_controller.rb": [
        1,
        1,
        null,
        null,
        1,
        10,
        8,
        8,
        null,
        2,
        null,
        null,
        null,
        1,
        1,
        1,
        null,
        null
      ],
      "/home/leo/my_portfolio_site/app/controllers/users_controller.rb": [
        1,
        1,
        null,
        1,
        10,
        null,
        null,
        1,
        1,
        null,
        null,
        1,
        1,
        1,
        1,
        null,
        null
      ],
      "/home/leo/my_portfolio_site/app/models/about.rb": [
        1,
        null
      ],
      "/home/leo/my_portfolio_site/app/models/experience.rb": [
        1,
        1,
        null,
        1,
        null
      ],
      "/home/leo/my_portfolio_site/app/models/project.rb": [
        1,
        null
      ],
      "/home/leo/my_portfolio_site/app/models/contact.rb": [
        1,
        1,
        1,
        1,
        1,
        null,
        1,
        null,
        1,
        null,
        null,
        null,
        null,
        null
      ],
      "/home/leo/my_portfolio_site/app/models/job_description.rb": [
        1,
        1,
        null
      ],
      "/home/leo/my_portfolio_site/app/controllers/projects_controller.rb": [
        null,
        null,
        1,
        1,
        1,
        null,
        null,
        null,
        null,
        null,
        null,
        null,
        null,
        null,
        1,
        1,
        null,
        null,
        1,
        1,
        1,
        1,
        null,
        null,
        1,
        1,
        null,
        null,
        1,
        1,
        1,
        1,
        null,
        null,
        1,
        1,
        1,
        1,
        null,
        null,
        1,
        null,
        1,
        2,
        null,
        null
      ],
      "/home/leo/my_portfolio_site/app/controllers/contacts_controller.rb": [
        1,
        1,
        0,
        null,
        null,
        1,
        1,
        1,
        1,
        1,
        null,
        0,
        0,
        null,
        null,
        null
      ]
    },
    "timestamp": 1556134747
  }
}
