{
  "RSpec": {
    "coverage": {
      "/home/leo/my_portfolio_site/app/helpers/abouts_helper.rb": [
        1,
        null
      ],
      "/home/leo/my_portfolio_site/app/helpers/application_helper.rb": [
        1,
        1,
        0,
        null,
        null
      ],
      "/home/leo/my_portfolio_site/app/helpers/contacts_helper.rb": [
        1,
        null
      ],
      "/home/leo/my_portfolio_site/app/helpers/experiences_helper.rb": [
        1,
        null
      ],
      "/home/leo/my_portfolio_site/app/helpers/home_helper.rb": [
        1,
        null
      ],
      "/home/leo/my_portfolio_site/app/helpers/job_descriptions_helper.rb": [
        1,
        null
      ],
      "/home/leo/my_portfolio_site/app/helpers/projects_helper.rb": [
        1,
        null
      ],
      "/home/leo/my_portfolio_site/app/helpers/users_helper.rb": [
        1,
        null
      ],
      "/home/leo/my_portfolio_site/app/controllers/abouts_controller.rb": [
        1,
        1,
        1,
        null,
        1,
        1,
        null,
        null,
        1,
        1,
        1,
        1,
        null,
        null,
        1,
        null,
        1,
        1,
        null,
        null
      ],
      "/home/leo/my_portfolio_site/app/controllers/home_controller.rb": [
        1,
        null,
        1,
        18,
        null,
        18,
        null,
        18,
        null,
        18,
        null,
        null,
        null
      ],
      "/home/leo/my_portfolio_site/app/controllers/application_controller.rb": [
        1,
        null,
        1,
        null,
        1,
        18,
        1,
        null,
        null,
        null,
        1,
        231,
        null,
        null,
        1,
        null,
        1,
        5,
        1,
        null,
        null,
        null,
        1,
        119,
        null,
        null,
        1,
        null
      ],
      "/home/leo/my_portfolio_site/app/controllers/job_descriptions_controller.rb": [
        1,
        null,
        null
      ],
      "/home/leo/my_portfolio_site/app/controllers/experiences_controller.rb": [
        1,
        1,
        1,
        null,
        1,
        0,
        null,
        null,
        1,
        0,
        0,
        0,
        null,
        null,
        1,
        1,
        null,
        null,
        1,
        1,
        1,
        1,
        null,
        null,
        1,
        0,
        0,
        0,
        null,
        null,
        1,
        null,
        1,
        1,
        null,
        null,
        null,
        null,
        null,
        null
      ],
      "/home/leo/my_portfolio_site/app/models/user.rb": [
        1,
        1,
        null,
        1,
        10,
        10,
        null,
        null
      ],
      "/home/leo/my_portfolio_site/app/models/application_record.rb": [
        1,
        1,
        null
      ],
      "/home/leo/my_portfolio_site/app/controllers/sessions_controller.rb": [
        1,
        1,
        null,
        null,
        1,
        10,
        8,
        8,
        null,
        2,
        null,
        null,
        null,
        1,
        1,
        1,
        null,
        null
      ],
      "/home/leo/my_portfolio_site/app/controllers/users_controller.rb": [
        1,
        1,
        null,
        1,
        2,
        null,
        null,
        1,
        9,
        null,
        null,
        1,
        1,
        1,
        1,
        null,
        null
      ],
      "/home/leo/my_portfolio_site/app/models/about.rb": [
        1,
        null
      ],
      "/home/leo/my_portfolio_site/app/models/experience.rb": [
        1,
        1,
        null,
        1,
        null
      ],
      "/home/leo/my_portfolio_site/app/models/project.rb": [
        1,
        null
      ],
      "/home/leo/my_portfolio_site/app/models/contact.rb": [
        1,
        1,
        1,
        1,
        1,
        null,
        1,
        null,
        1,
        null,
        null,
        null,
        null,
        null
      ],
      "/home/leo/my_portfolio_site/app/models/job_description.rb": [
        1,
        1,
        null
      ],
      "/home/leo/my_portfolio_site/app/controllers/contacts_controller.rb": [
        1,
        1,
        0,
        null,
        null,
        1,
        1,
        1,
        1,
        1,
        null,
        0,
        0,
        null,
        null,
        null
      ],
      "/home/leo/my_portfolio_site/app/controllers/projects_controller.rb": [
        1,
        1,
        1,
        null,
        1,
        0,
        0,
        null,
        null,
        0,
        null,
        null,
        1,
        0,
        null,
        null,
        1,
        0,
        0,
        0,
        null,
        null,
        1,
        0,
        null,
        null,
        1,
        0,
        0,
        0,
        null,
        null,
        1,
        0,
        0,
        0,
        null,
        null,
        1,
        null,
        1,
        0,
        null,
        null,
        null
      ]
    },
    "timestamp": 1555543325
  }
}
